[2024-06-29 12:37:49Z INFO HostContext] No proxy settings were found based on environmental variables (http_proxy/https_proxy/HTTP_PROXY/HTTPS_PROXY)
[2024-06-29 12:37:49Z INFO HostContext] Well known directory 'Bin': 'D:\kanban-task-management\actions-runner\bin'
[2024-06-29 12:37:49Z INFO HostContext] Well known directory 'Root': 'D:\kanban-task-management\actions-runner'
[2024-06-29 12:37:49Z INFO HostContext] Well known config file 'Credentials': 'D:\kanban-task-management\actions-runner\.credentials'
[2024-06-29 12:37:49Z INFO HostContext] Well known directory 'Bin': 'D:\kanban-task-management\actions-runner\bin'
[2024-06-29 12:37:49Z INFO HostContext] Well known directory 'Root': 'D:\kanban-task-management\actions-runner'
[2024-06-29 12:37:49Z INFO HostContext] Well known config file 'Runner': 'D:\kanban-task-management\actions-runner\.runner'
[2024-06-29 12:37:49Z INFO Listener] Runner is built for Windows (X64) - win-x64.
[2024-06-29 12:37:49Z INFO Listener] RuntimeInformation: Microsoft Windows 10.0.22631.
[2024-06-29 12:37:49Z INFO Listener] Version: 2.317.0
[2024-06-29 12:37:49Z INFO Listener] Commit: 6dc005ee3690a0303e0d7269b6f60295d22dcfad
[2024-06-29 12:37:49Z INFO Listener] Culture: en-IN
[2024-06-29 12:37:49Z INFO Listener] UI Culture: en-US
[2024-06-29 12:37:49Z INFO HostContext] Well known directory 'Bin': 'D:\kanban-task-management\actions-runner\bin'
[2024-06-29 12:37:49Z INFO HostContext] Well known directory 'Root': 'D:\kanban-task-management\actions-runner'
[2024-06-29 12:37:49Z INFO Listener] Validating directory permissions for: 'D:\kanban-task-management\actions-runner'
[2024-06-29 12:37:49Z INFO CommandLineParser] Parse
[2024-06-29 12:37:49Z INFO CommandLineParser] Parsing 5 args
[2024-06-29 12:37:49Z INFO CommandLineParser] parsing argument
[2024-06-29 12:37:49Z INFO CommandLineParser] HasArgs: False
[2024-06-29 12:37:49Z INFO CommandLineParser] Adding Command: configure
[2024-06-29 12:37:49Z INFO CommandLineParser] parsing argument
[2024-06-29 12:37:49Z INFO CommandLineParser] HasArgs: True
[2024-06-29 12:37:49Z INFO CommandLineParser] arg: url
[2024-06-29 12:37:49Z INFO CommandLineParser] parsing argument
[2024-06-29 12:37:49Z INFO CommandLineParser] HasArgs: True
[2024-06-29 12:37:49Z INFO CommandLineParser] Adding option 'url': 'https://github.com/vengeance1464/kanban-task-management-UI'
[2024-06-29 12:37:49Z INFO CommandLineParser] parsing argument
[2024-06-29 12:37:49Z INFO CommandLineParser] HasArgs: True
[2024-06-29 12:37:49Z INFO CommandLineParser] arg: token
[2024-06-29 12:37:49Z INFO CommandLineParser] parsing argument
[2024-06-29 12:37:49Z INFO CommandLineParser] HasArgs: True
[2024-06-29 12:37:49Z INFO CommandLineParser] Adding option 'token': '***'
[2024-06-29 12:37:49Z INFO Listener] Arguments parsed
[2024-06-29 12:37:49Z INFO Runner] ExecuteCommand
[2024-06-29 12:37:49Z INFO ConfigurationStore] currentAssemblyLocation: D:\kanban-task-management\actions-runner\bin\Runner.Listener.dll
[2024-06-29 12:37:49Z INFO HostContext] Well known directory 'Bin': 'D:\kanban-task-management\actions-runner\bin'
[2024-06-29 12:37:49Z INFO ConfigurationStore] binPath: D:\kanban-task-management\actions-runner\bin
[2024-06-29 12:37:49Z INFO HostContext] Well known directory 'Bin': 'D:\kanban-task-management\actions-runner\bin'
[2024-06-29 12:37:49Z INFO HostContext] Well known directory 'Root': 'D:\kanban-task-management\actions-runner'
[2024-06-29 12:37:49Z INFO ConfigurationStore] RootFolder: D:\kanban-task-management\actions-runner
[2024-06-29 12:37:49Z INFO HostContext] Well known directory 'Bin': 'D:\kanban-task-management\actions-runner\bin'
[2024-06-29 12:37:49Z INFO HostContext] Well known directory 'Root': 'D:\kanban-task-management\actions-runner'
[2024-06-29 12:37:49Z INFO HostContext] Well known config file 'Runner': 'D:\kanban-task-management\actions-runner\.runner'
[2024-06-29 12:37:49Z INFO ConfigurationStore] ConfigFilePath: D:\kanban-task-management\actions-runner\.runner
[2024-06-29 12:37:49Z INFO HostContext] Well known directory 'Bin': 'D:\kanban-task-management\actions-runner\bin'
[2024-06-29 12:37:49Z INFO HostContext] Well known directory 'Root': 'D:\kanban-task-management\actions-runner'
[2024-06-29 12:37:49Z INFO HostContext] Well known config file 'Credentials': 'D:\kanban-task-management\actions-runner\.credentials'
[2024-06-29 12:37:49Z INFO ConfigurationStore] CredFilePath: D:\kanban-task-management\actions-runner\.credentials
[2024-06-29 12:37:49Z INFO HostContext] Well known directory 'Bin': 'D:\kanban-task-management\actions-runner\bin'
[2024-06-29 12:37:49Z INFO HostContext] Well known directory 'Root': 'D:\kanban-task-management\actions-runner'
[2024-06-29 12:37:49Z INFO HostContext] Well known config file 'MigratedCredentials': 'D:\kanban-task-management\actions-runner\.credentials_migrated'
[2024-06-29 12:37:49Z INFO ConfigurationStore] MigratedCredFilePath: D:\kanban-task-management\actions-runner\.credentials_migrated
[2024-06-29 12:37:49Z INFO HostContext] Well known directory 'Bin': 'D:\kanban-task-management\actions-runner\bin'
[2024-06-29 12:37:49Z INFO HostContext] Well known directory 'Root': 'D:\kanban-task-management\actions-runner'
[2024-06-29 12:37:49Z INFO HostContext] Well known config file 'Service': 'D:\kanban-task-management\actions-runner\.service'
[2024-06-29 12:37:49Z INFO ConfigurationStore] ServiceConfigFilePath: D:\kanban-task-management\actions-runner\.service
[2024-06-29 12:37:49Z INFO CommandSettings] Flag 'help': 'False'
[2024-06-29 12:37:49Z INFO CommandSettings] Flag 'version': 'False'
[2024-06-29 12:37:49Z INFO CommandSettings] Flag 'commit': 'False'
[2024-06-29 12:37:49Z INFO CommandSettings] Flag 'check': 'False'
[2024-06-29 12:37:49Z INFO CommandSettings] Command 'configure': 'True'
[2024-06-29 12:37:49Z INFO Terminal] WRITE LINE: 
[2024-06-29 12:37:49Z INFO Terminal] WRITE LINE: --------------------------------------------------------------------------------
[2024-06-29 12:37:49Z INFO Terminal] WRITE LINE: |        ____ _ _   _   _       _          _        _   _                      |
[2024-06-29 12:37:49Z INFO Terminal] WRITE LINE: |       / ___(_) |_| | | |_   _| |__      / \   ___| |_(_) ___  _ __  ___      |
[2024-06-29 12:37:49Z INFO Terminal] WRITE LINE: |      | |  _| | __| |_| | | | | '_ \    / _ \ / __| __| |/ _ \| '_ \/ __|     |
[2024-06-29 12:37:49Z INFO Terminal] WRITE LINE: |      | |_| | | |_|  _  | |_| | |_) |  / ___ \ (__| |_| | (_) | | | \__ \     |
[2024-06-29 12:37:49Z INFO Terminal] WRITE LINE: |       \____|_|\__|_| |_|\__,_|_.__/  /_/   \_\___|\__|_|\___/|_| |_|___/     |
[2024-06-29 12:37:49Z INFO Terminal] WRITE LINE: |                                                                              |
[2024-06-29 12:37:49Z INFO Terminal] WRITE: |                       
[2024-06-29 12:37:49Z INFO Terminal] WRITE: Self-hosted runner registration
[2024-06-29 12:37:49Z INFO Terminal] WRITE LINE:                         |
[2024-06-29 12:37:49Z INFO Terminal] WRITE LINE: |                                                                              |
[2024-06-29 12:37:49Z INFO Terminal] WRITE LINE: --------------------------------------------------------------------------------
[2024-06-29 12:37:49Z INFO ConfigurationManager] ConfigureAsync
[2024-06-29 12:37:49Z INFO CommandSettings] Flag 'generateServiceConfig': 'False'
[2024-06-29 12:37:49Z INFO ConfigurationStore] IsConfigured()
[2024-06-29 12:37:49Z INFO ConfigurationStore] IsConfigured: True
[2024-06-29 12:37:49Z INFO ConfigurationManager] Is configured: True
[2024-06-29 12:37:49Z ERR  Runner] System.InvalidOperationException: Cannot configure the runner because it is already configured. To reconfigure the runner, run 'config.cmd remove' or './config.sh remove' first.
   at GitHub.Runner.Listener.Configuration.ConfigurationManager.ConfigureAsync(CommandSettings command)
   at GitHub.Runner.Listener.Runner.ExecuteCommand(CommandSettings command)
[2024-06-29 12:37:49Z ERR  Terminal] WRITE ERROR: Cannot configure the runner because it is already configured. To reconfigure the runner, run 'config.cmd remove' or './config.sh remove' first.
[2024-06-29 12:37:49Z INFO Listener] Runner execution has finished with return code 1
